[1m[34m[ 1/11] index.qmd[39m[22m
[1m[34m[ 2/11] notebooks/glmmTMB_volcanos.qmd[39m[22m
[31m

processing file: glmmTMB_volcanos.qmd
[39m1/13                  
2/13 [unnamed-chunk-1]
3/13                  
4/13 [unnamed-chunk-2]
5/13                  
6/13 [unnamed-chunk-3]
7/13                  
8/13 [unnamed-chunk-4]
9/13                  
10/13 [unnamed-chunk-5]
11/13                  
12/13 [unnamed-chunk-6]
13/13                  
[31moutput file: glmmTMB_volcanos.knit.md

[39m[1m[34m[ 3/11] notebooks/glmmTMB_volcanos_chr21_removed.qmd[39m[22m
[31m

processing file: glmmTMB_volcanos_chr21_removed.qmd
[39m1/13                  
2/13 [unnamed-chunk-1]
3/13                  
4/13 [unnamed-chunk-2]
5/13                  
6/13 [unnamed-chunk-3]
7/13                  
8/13 [unnamed-chunk-4]
9/13                  
10/13 [unnamed-chunk-5]
11/13                  
12/13 [unnamed-chunk-6]
13/13                  
[31moutput file: glmmTMB_volcanos_chr21_removed.knit.md

[39m[1m[34m[ 4/11] notebooks/gsea_glmmTMB_trisomy.qmd[39m[22m
[31m

processing file: gsea_glmmTMB_trisomy.qmd
[39m1/21                   
2/21 [unnamed-chunk-1] 
3/21                   
4/21 [unnamed-chunk-2] 
5/21                   
6/21 [unnamed-chunk-3] 
7/21                   
8/21 [unnamed-chunk-4] 
9/21                   
10/21 [unnamed-chunk-5] 
11/21                   
12/21 [unnamed-chunk-6] 
13/21                   
14/21 [unnamed-chunk-7] 
15/21                   
16/21 [unnamed-chunk-8] 
17/21                   
18/21 [unnamed-chunk-9] 
19/21                   
20/21 [unnamed-chunk-10]
21/21                   
[31moutput file: gsea_glmmTMB_trisomy.knit.md

[39m[1m[34m[ 5/11] notebooks/gsea_glmmTMB_trisomy_chr21_removed.qmd[39m[22m
[31m

processing file: gsea_glmmTMB_trisomy_chr21_removed.qmd
[39m1/21                   
2/21 [unnamed-chunk-1] 
3/21                   
4/21 [unnamed-chunk-2] 
5/21                   
6/21 [unnamed-chunk-3] 
7/21                   
8/21 [unnamed-chunk-4] 
9/21                   
10/21 [unnamed-chunk-5] 
11/21                   
12/21 [unnamed-chunk-6] 
13/21                   
14/21 [unnamed-chunk-7] 
15/21                   
16/21 [unnamed-chunk-8] 
17/21                   
18/21 [unnamed-chunk-9] 
19/21                   
20/21 [unnamed-chunk-10]
21/21                   
[31moutput file: gsea_glmmTMB_trisomy_chr21_removed.knit.md

[39m[1m[34m[ 6/11] notebooks/hdwgcna_glmmTMB_stats_trisomy.qmd[39m[22m
[1m[34m[ 7/11] notebooks/glmmTMB_DE.qmd[39m[22m
[31m

processing file: glmmTMB_DE.qmd
[39m1/27                   
2/27 [unnamed-chunk-1] 
3/27                   
4/27 [unnamed-chunk-2] 
5/27                   
6/27 [unnamed-chunk-3] 
7/27                   
8/27 [unnamed-chunk-4] 
9/27                   
10/27 [unnamed-chunk-5] 
11/27                   
12/27 [unnamed-chunk-6] 
13/27                   
14/27 [unnamed-chunk-7] 
15/27                   
16/27 [unnamed-chunk-8] 
17/27                   
18/27 [unnamed-chunk-9] 
19/27                   
20/27 [unnamed-chunk-10]
21/27                   
22/27 [unnamed-chunk-11]
23/27                   
24/27 [unnamed-chunk-12]
25/27                   
26/27 [unnamed-chunk-13]
27/27                   
[31moutput file: glmmTMB_DE.knit.md

[39m[1m[34m[ 8/11] notebooks/glmmTMB_DE_chr21_removed.qmd[39m[22m
[31m

processing file: glmmTMB_DE_chr21_removed.qmd
[39m1/27                   
2/27 [unnamed-chunk-1] 
3/27                   
4/27 [unnamed-chunk-2] 
5/27                   
6/27 [unnamed-chunk-3] 
7/27                   
8/27 [unnamed-chunk-4] 
9/27                   
10/27 [unnamed-chunk-5] 
11/27                   
12/27 [unnamed-chunk-6] 
13/27                   
14/27 [unnamed-chunk-7] 
15/27                   
16/27 [unnamed-chunk-8] 
17/27                   
18/27 [unnamed-chunk-9] 
19/27                   
20/27 [unnamed-chunk-10]
21/27                   
22/27 [unnamed-chunk-11]
23/27                   
24/27 [unnamed-chunk-12]
25/27                   
26/27 [unnamed-chunk-13]
27/27                   
[31moutput file: glmmTMB_DE_chr21_removed.knit.md

[39m[1m[34m[ 9/11] notebooks/hdwgcna_trisomy.qmd[39m[22m
[1m[34m[10/11] notebooks/seurat_trisomy_v2.qmd[39m[22m
[1m[34m[11/11] notebooks/seurat_trisomy_v1.qmd[39m[22m

Output created: docs/index.html

