[1m[34m[ 1/11] index.qmd[39m[22m
[1m[34m[ 2/11] notebooks/glmmTMB_volcanos.qmd[39m[22m
[31m

processing file: glmmTMB_volcanos.qmd
[39m1/13                  
2/13 [unnamed-chunk-1]
3/13                  
4/13 [unnamed-chunk-2]
5/13                  
6/13 [unnamed-chunk-3]
7/13                  
8/13 [unnamed-chunk-4]
9/13                  
10/13 [unnamed-chunk-5]
11/13                  
12/13 [unnamed-chunk-6]
13/13                  
[31moutput file: glmmTMB_volcanos.knit.md

[39m[1m[34m[ 3/11] notebooks/glmmTMB_volcanos_chr21_removed.qmd[39m[22m
[31m

processing file: glmmTMB_volcanos_chr21_removed.qmd
[39m1/13                  
2/13 [unnamed-chunk-1]
3/13                  
4/13 [unnamed-chunk-2]
5/13                  
6/13 [unnamed-chunk-3]
7/13                  
8/13 [unnamed-chunk-4]
9/13                  
10/13 [unnamed-chunk-5]
11/13                  
12/13 [unnamed-chunk-6]
13/13                  
[31moutput file: glmmTMB_volcanos_chr21_removed.knit.md

[39m[1m[34m[ 4/11] notebooks/gsea_glmmTMB_trisomy.qmd[39m[22m
[1m[34m[ 5/11] notebooks/gsea_glmmTMB_trisomy_chr21_removed.qmd[39m[22m
[1m[34m[ 6/11] notebooks/hdwgcna_glmmTMB_stats_trisomy.qmd[39m[22m
[1m[34m[ 7/11] notebooks/glmmTMB_DE.qmd[39m[22m
[1m[34m[ 8/11] notebooks/glmmTMB_DE_chr21_removed.qmd[39m[22m
[1m[34m[ 9/11] notebooks/hdwgcna_trisomy.qmd[39m[22m
[1m[34m[10/11] notebooks/seurat_trisomy_v2.qmd[39m[22m
[1m[34m[11/11] notebooks/seurat_trisomy_v1.qmd[39m[22m

Output created: docs/index.html

