[1m[34m[ 1/11] index.qmd[39m[22m
[1m[34m[ 2/11] notebooks/glmmTMB_volcanos.qmd[39m[22m
[1m[34m[ 3/11] notebooks/glmmTMB_volcanos_chr21_removed.qmd[39m[22m
[1m[34m[ 4/11] notebooks/gsea_glmmTMB_trisomy.qmd[39m[22m
[1m[34m[ 5/11] notebooks/gsea_glmmTMB_trisomy_chr21_removed.qmd[39m[22m
[1m[34m[ 6/11] notebooks/hdwgcna_glmmTMB_stats_trisomy.qmd[39m[22m
[1m[34m[ 7/11] notebooks/glmmTMB_DE.qmd[39m[22m
[1m[34m[ 8/11] notebooks/glmmTMB_DE_chr21_removed.qmd[39m[22m
[1m[34m[ 9/11] notebooks/hdwgcna_trisomy.qmd[39m[22m
[1m[34m[10/11] notebooks/seurat_trisomy_v2.qmd[39m[22m
[31m

processing file: seurat_trisomy_v2.qmd
[39m1/55                   
2/55 [unnamed-chunk-1] 
3/55                   
4/55 [setup]           
5/55                   
6/55 [unnamed-chunk-2] 
7/55                   
8/55 [unnamed-chunk-3] 
9/55                   
10/55 [unnamed-chunk-4] 
