host: cn074
cpus: 80
mem:  716800 MB
BLAS threads (env): OPENBLAS=1 OMP=1 MKL=1
start: 2026-04-28T19:23:55+01:00
[1] "/tmp/slurm_46092459/RtmpOpD0mu/file46dec6f5944c3.R"

> library(Seurat)
Loading required package: SeuratObject
Loading required package: sp

Attaching package: ‘SeuratObject’

The following objects are masked from ‘package:base’:

    intersect, t


> library(glmmTMB)

> library(emmeans)
Welcome to emmeans.
Caution: You lose important information if you filter this package's results.
See '? untidy'

> library(car)
Loading required package: carData

> library(utils)

> library(qs2)
qs2 0.1.6

> library(foreach)

> library(doSNOW)
Loading required package: iterators
Loading required package: snow

> library(parallel)

Attaching package: ‘parallel’

The following objects are masked from ‘package:snow’:

    closeNode, clusterApply, clusterApplyLB, clusterCall, clusterEvalQ,
    clusterExport, clusterMap, clusterSplit, makeCluster, parApply,
    parCapply, parLapply, parRapply, parSapply, recvData, recvOneData,
    sendData, splitIndices, stopCluster


> library(dplyr)

Attaching package: ‘dplyr’

The following object is masked from ‘package:car’:

    recode

The following objects are masked from ‘package:stats’:

    filter, lag

The following objects are masked from ‘package:base’:

    intersect, setdiff, setequal, union


> library(readr)

> run_num <- "run1"

> out_dir <- file.path("output", run_num)

> graphs_dir <- file.path(out_dir, "graphs")

> objects_dir <- file.path(out_dir, "objects")

> no_chr21_dir <- file.path(objects_dir, "no_chr21")

> dir.create(graphs_dir, recursive = TRUE, showWarnings = FALSE)

> dir.create(objects_dir, recursive = TRUE, showWarnings = FALSE)

> dir.create(no_chr21_dir, recursive = TRUE, showWarnings = FALSE)

> gene_info_path <- "~/home/shared/zanettc/gene_info.csv"

> seurat_obj <- qs_read(file.path(objects_dir, "prelabelled_integrated_rpca.qs2"))

> counts_matrix <- GetAssayData(seurat_obj, assay = "SCT", 
+     layer = "counts")

> percent_expressing <- rowMeans(counts_matrix > 0)

> genes_to_keep <- names(percent_expressing[percent_expressing >= 
+     0.01])

> gene_info <- read_csv(gene_info_path, show_col_types = FALSE)

> chr21_genes <- gene_info %>% filter(chrom == "21") %>% 
+     pull(gene)

> n_before <- length(genes_to_keep)

> genes_to_keep <- setdiff(genes_to_keep, chr21_genes)

> n_after <- length(genes_to_keep)

> cat(sprintf("Excluded %d chromosome 21 genes (%d -> %d genes for modelling).\n", 
+     n_before - n_after, n_before, n_after))
Excluded 131 chromosome 21 genes (14775 -> 14644 genes for modelling).

> counts_matrix <- counts_matrix[genes_to_keep, ]

> meta <- seurat_obj@meta.data

> rm(seurat_obj)

> gc()
            used   (Mb) gc trigger    (Mb)   max used    (Mb)
Ncells   3978954  212.5    7432912   397.0    4733870   252.9
Vcells 516960274 3944.1 2345056337 17891.4 2441039098 18623.7

> num_cores <- 80

> chunk_size <- 1000

> chunk_dir <- file.path(no_chr21_dir, "chunks")

> dir.create(chunk_dir, showWarnings = FALSE, recursive = TRUE)

> total_genes <- length(genes_to_keep)

> gene_chunks <- split(genes_to_keep, ceiling(seq_along(genes_to_keep)/chunk_size))

> n_chunks <- length(gene_chunks)

> cat(sprintf("Processing %d genes in %d chunks of up to %d (cluster restart between chunks).\n", 
+     total_genes, n_chunks, chunk_size))
Processing 14644 genes in 15 chunks of up to 1000 (cluster restart between chunks).

> for (i in seq_len(n_chunks)) {
+     chunk_file <- file.path(chunk_dir, sprintf("chunk_%04d.qs2", 
+         i))
+     if (file.exists(chunk_file))  .... [TRUNCATED] 
Chunk 1/15: fitting 1000 genes...
[2026-04-28T19:25:54.120] error: *** JOB 46092459 ON cn074 CANCELLED AT 2026-04-28T19:25:54 DUE to SIGNAL Terminated ***
