host: cn032
cpus: 80
mem:  716800 MB
BLAS threads (env): OPENBLAS=1 OMP=1 MKL=1
start: 2026-04-28T19:29:32+01:00
[1] "/tmp/slurm_46092615/RtmptdLFNc/file30315739f95ad4.R"

> library(Seurat)
Loading required package: SeuratObject
Loading required package: sp

Attaching package: ‘SeuratObject’

The following objects are masked from ‘package:base’:

    intersect, t


> library(glmmTMB)

> library(emmeans)
Welcome to emmeans.
Caution: You lose important information if you filter this package's results.
See '? untidy'

> library(car)
Loading required package: carData

> library(utils)

> library(qs2)
qs2 0.1.6

> library(foreach)

> library(doSNOW)
Loading required package: iterators
Loading required package: snow

> library(parallel)

Attaching package: ‘parallel’

The following objects are masked from ‘package:snow’:

    closeNode, clusterApply, clusterApplyLB, clusterCall, clusterEvalQ,
    clusterExport, clusterMap, clusterSplit, makeCluster, parApply,
    parCapply, parLapply, parRapply, parSapply, recvData, recvOneData,
    sendData, splitIndices, stopCluster


> library(dplyr)

Attaching package: ‘dplyr’

The following object is masked from ‘package:car’:

    recode

The following objects are masked from ‘package:stats’:

    filter, lag

The following objects are masked from ‘package:base’:

    intersect, setdiff, setequal, union


> library(readr)

> run_num <- "run1"

> out_dir <- file.path("output", run_num)

> graphs_dir <- file.path(out_dir, "graphs")

> objects_dir <- file.path(out_dir, "objects")

> no_chr21_dir <- file.path(objects_dir, "no_chr21")

> dir.create(graphs_dir, recursive = TRUE, showWarnings = FALSE)

> dir.create(objects_dir, recursive = TRUE, showWarnings = FALSE)

> dir.create(no_chr21_dir, recursive = TRUE, showWarnings = FALSE)

> gene_info_path <- "~/home/shared/zanettc/gene_info.csv"

> seurat_obj <- qs_read(file.path(objects_dir, "prelabelled_integrated_rpca.qs2"))

> counts_matrix <- GetAssayData(seurat_obj, assay = "SCT", 
+     layer = "counts")

> percent_expressing <- rowMeans(counts_matrix > 0)

> genes_to_keep <- names(percent_expressing[percent_expressing >= 
+     0.01])

> gene_info <- read_csv(gene_info_path, show_col_types = FALSE)

> chr21_genes <- gene_info %>% filter(chrom == "21") %>% 
+     pull(gene)

> n_before <- length(genes_to_keep)

> genes_to_keep <- setdiff(genes_to_keep, chr21_genes)

> n_after <- length(genes_to_keep)

> cat(sprintf("Excluded %d chromosome 21 genes (%d -> %d genes for modelling).\n", 
+     n_before - n_after, n_before, n_after))
Excluded 131 chromosome 21 genes (14775 -> 14644 genes for modelling).

> counts_matrix <- counts_matrix[genes_to_keep, ]

> meta <- seurat_obj@meta.data

> rm(seurat_obj)

> gc()
            used   (Mb) gc trigger    (Mb)   max used    (Mb)
Ncells   3978954  212.5    7432912   397.0    4733870   252.9
Vcells 516960274 3944.1 2345056337 17891.4 2441039098 18623.7

> num_cores <- 80

> chunk_size <- 500

> chunk_dir <- file.path(no_chr21_dir, "chunks")

> dir.create(chunk_dir, showWarnings = FALSE, recursive = TRUE)

> total_genes <- length(genes_to_keep)

> gene_chunks <- split(genes_to_keep, ceiling(seq_along(genes_to_keep)/chunk_size))

> n_chunks <- length(gene_chunks)

> cat(sprintf("Processing %d genes in %d chunks of up to %d (cluster restart between chunks).\n", 
+     total_genes, n_chunks, chunk_size))
Processing 14644 genes in 30 chunks of up to 500 (cluster restart between chunks).

> for (i in seq_len(n_chunks)) {
+     chunk_file <- file.path(chunk_dir, sprintf("chunk_%04d.qs2", 
+         i))
+     if (file.exists(chunk_file))  .... [TRUNCATED] 
Chunk 1/30: fitting 500 genes...
Chunk 1/30 done in 22.0 min, saved to output/run1/objects/no_chr21/chunks/chunk_0001.qs2
Chunk 2/30: fitting 500 genes...
Chunk 2/30 done in 21.1 min, saved to output/run1/objects/no_chr21/chunks/chunk_0002.qs2
Chunk 3/30: fitting 500 genes...
Chunk 3/30 done in 21.6 min, saved to output/run1/objects/no_chr21/chunks/chunk_0003.qs2
Chunk 4/30: fitting 500 genes...
Chunk 4/30 done in 22.6 min, saved to output/run1/objects/no_chr21/chunks/chunk_0004.qs2
Chunk 5/30: fitting 500 genes...
Chunk 5/30 done in 22.5 min, saved to output/run1/objects/no_chr21/chunks/chunk_0005.qs2
Chunk 6/30: fitting 500 genes...
Chunk 6/30 done in 22.7 min, saved to output/run1/objects/no_chr21/chunks/chunk_0006.qs2
Chunk 7/30: fitting 500 genes...
Chunk 7/30 done in 21.5 min, saved to output/run1/objects/no_chr21/chunks/chunk_0007.qs2
Chunk 8/30: fitting 500 genes...
Chunk 8/30 done in 21.1 min, saved to output/run1/objects/no_chr21/chunks/chunk_0008.qs2
Chunk 9/30: fitting 500 genes...
Chunk 9/30 done in 21.6 min, saved to output/run1/objects/no_chr21/chunks/chunk_0009.qs2
Chunk 10/30: fitting 500 genes...
Chunk 10/30 done in 20.8 min, saved to output/run1/objects/no_chr21/chunks/chunk_0010.qs2
Chunk 11/30: fitting 500 genes...
Chunk 11/30 done in 21.0 min, saved to output/run1/objects/no_chr21/chunks/chunk_0011.qs2
Chunk 12/30: fitting 500 genes...
Chunk 12/30 done in 21.0 min, saved to output/run1/objects/no_chr21/chunks/chunk_0012.qs2
Chunk 13/30: fitting 500 genes...
Chunk 13/30 done in 21.0 min, saved to output/run1/objects/no_chr21/chunks/chunk_0013.qs2
Chunk 14/30: fitting 500 genes...
Chunk 14/30 done in 21.0 min, saved to output/run1/objects/no_chr21/chunks/chunk_0014.qs2
Chunk 15/30: fitting 500 genes...
Chunk 15/30 done in 20.9 min, saved to output/run1/objects/no_chr21/chunks/chunk_0015.qs2
Chunk 16/30: fitting 500 genes...
Chunk 16/30 done in 21.0 min, saved to output/run1/objects/no_chr21/chunks/chunk_0016.qs2
Chunk 17/30: fitting 500 genes...
Chunk 17/30 done in 20.9 min, saved to output/run1/objects/no_chr21/chunks/chunk_0017.qs2
Chunk 18/30: fitting 500 genes...
Chunk 18/30 done in 21.1 min, saved to output/run1/objects/no_chr21/chunks/chunk_0018.qs2
Chunk 19/30: fitting 500 genes...
Chunk 19/30 done in 21.4 min, saved to output/run1/objects/no_chr21/chunks/chunk_0019.qs2
Chunk 20/30: fitting 500 genes...
Chunk 20/30 done in 21.4 min, saved to output/run1/objects/no_chr21/chunks/chunk_0020.qs2
Chunk 21/30: fitting 500 genes...
Chunk 21/30 done in 21.1 min, saved to output/run1/objects/no_chr21/chunks/chunk_0021.qs2
Chunk 22/30: fitting 500 genes...
Chunk 22/30 done in 20.7 min, saved to output/run1/objects/no_chr21/chunks/chunk_0022.qs2
Chunk 23/30: fitting 500 genes...
Chunk 23/30 done in 21.2 min, saved to output/run1/objects/no_chr21/chunks/chunk_0023.qs2
Chunk 24/30: fitting 500 genes...
Chunk 24/30 done in 20.9 min, saved to output/run1/objects/no_chr21/chunks/chunk_0024.qs2
Chunk 25/30: fitting 500 genes...
Chunk 25/30 done in 20.7 min, saved to output/run1/objects/no_chr21/chunks/chunk_0025.qs2
Chunk 26/30: fitting 500 genes...
Chunk 26/30 done in 20.8 min, saved to output/run1/objects/no_chr21/chunks/chunk_0026.qs2
Chunk 27/30: fitting 500 genes...
Chunk 27/30 done in 20.5 min, saved to output/run1/objects/no_chr21/chunks/chunk_0027.qs2
Chunk 28/30: fitting 500 genes...
Chunk 28/30 done in 20.8 min, saved to output/run1/objects/no_chr21/chunks/chunk_0028.qs2
Chunk 29/30: fitting 500 genes...
Chunk 29/30 done in 21.2 min, saved to output/run1/objects/no_chr21/chunks/chunk_0029.qs2
Chunk 30/30: fitting 144 genes...
Chunk 30/30 done in 11.8 min, saved to output/run1/objects/no_chr21/chunks/chunk_0030.qs2

> cat("\nCombining chunks and calculating FDR...\n")

Combining chunks and calculating FDR...

> all_results_list <- list()

> for (i in seq_len(n_chunks)) {
+     all_results_list <- c(all_results_list, qs_read(file.path(chunk_dir, 
+         sprintf("chunk_%04d.qs2", i)))) .... [TRUNCATED] 

> final_df <- do.call(rbind, Filter(Negate(is.null), 
+     all_results_list))

> final_df$FDR <- p.adjust(final_df$p.value, method = "fdr")

> interaction_summary <- final_df %>% group_by(Gene) %>% 
+     summarise(Interaction_P = first(Interaction_P)) %>% mutate(Interaction_FDR = p.adjust( .... [TRUNCATED] 

> final_df <- merge(final_df, interaction_summary[, 
+     c("Gene", "Interaction_FDR")], by = "Gene")

> qs_save(final_df, file = file.path(no_chr21_dir, "glmmTMB_with_interactions.qs2"))

> cat("Done! Results saved.\n")
Done! Results saved.

> final_df <- qs_read(file.path(no_chr21_dir, "glmmTMB_with_interactions.qs2"))

> final_df_corrected <- final_df %>% mutate(estimate = ifelse(contrast == 
+     "B - A", estimate * -1, estimate), log2FC = ifelse(contrast == 
+     .... [TRUNCATED] 

> qs_save(final_df_corrected, file.path(no_chr21_dir, 
+     "glmmTMB_with_interactions_corrected.qs2"))

> corrected_df <- qs_read(file.path(no_chr21_dir, "glmmTMB_with_interactions_corrected.qs2"))

> corrected_df %>% filter(Interaction_FDR < 0.05)
               Gene Background Ploidy    contrast     estimate         SE  df
1             ADCY9       hAPP      .       T - D -0.323256078 0.13321277 Inf
2             ADCY9       NLGF      .       T - D  0.441475246 0.12487595 Inf
3             ADCY9          .      D NLGF - hAPP -0.815426101 0.16250547 Inf
4             ADCY9          .      T NLGF - hAPP -0.050694778 0.09544433 Inf
5             ASTN1       hAPP      .       T - D  0.503359332 0.13301900 Inf
6             ASTN1       NLGF      .       T - D -0.314167905 0.11321331 Inf
7             ASTN1          .      D NLGF - hAPP  0.496689362 0.15485041 Inf
8             ASTN1          .      T NLGF - hAPP -0.320837875 0.09158412 Inf
9            BAHCC1       hAPP      .       T - D  0.067559184 0.06625073 Inf
10           BAHCC1       NLGF      .       T - D  0.526467874 0.07358986 Inf
11           BAHCC1          .      D NLGF - hAPP -0.647802597 0.08374051 Inf
12           BAHCC1          .      T NLGF - hAPP -0.188893908 0.05449134 Inf
13            BIRC7       hAPP      .       T - D  0.522834936 0.13511617 Inf
14            BIRC7       NLGF      .       T - D -0.409751004 0.12107627 Inf
15            BIRC7          .      D NLGF - hAPP  0.782174203 0.16029702 Inf
16            BIRC7          .      T NLGF - hAPP -0.150411737 0.09208330 Inf
17           BRINP2       hAPP      .       T - D  0.384877306 0.15528651 Inf
18           BRINP2       NLGF      .       T - D -0.548926515 0.12730090 Inf
19           BRINP2          .      D NLGF - hAPP  0.819971207 0.17969630 Inf
20           BRINP2          .      T NLGF - hAPP -0.113832614 0.10423470 Inf
21          C5orf64       hAPP      .       T - D -0.282291114 0.08881090 Inf
22          C5orf64       NLGF      .       T - D  0.276803330 0.08324126 Inf
23          C5orf64          .      D NLGF - hAPP -0.505637922 0.10709864 Inf
24          C5orf64          .      T NLGF - hAPP  0.053456521 0.06372016 Inf
25            CALM3       hAPP      .       T - D -0.260093087 0.03226668 Inf
26            CALM3       NLGF      .       T - D -0.058501036 0.02922396 Inf
27            CALM3          .      D NLGF - hAPP -0.140301287 0.03830882 Inf
28            CALM3          .      T NLGF - hAPP  0.061290763 0.02334472 Inf
29           CFAP70       hAPP      .       T - D  0.656872280 0.07440244 Inf
30           CFAP70       NLGF      .       T - D  0.229408400 0.06368350 Inf
31           CFAP70          .      D NLGF - hAPP  0.278706312 0.08702308 Inf
32           CFAP70          .      T NLGF - hAPP -0.148757568 0.04908591 Inf
33           CHCHD2       hAPP      .       T - D  3.255219496 0.12214157 Inf
34           CHCHD2       NLGF      .       T - D  3.912236161 0.09530875 Inf
35           CHCHD2          .      D NLGF - hAPP -0.605594384 0.14680722 Inf
36           CHCHD2          .      T NLGF - hAPP  0.051422281 0.05430381 Inf
37            CLIC1       hAPP      .       T - D -0.145195737 0.03709554 Inf
38            CLIC1       NLGF      .       T - D  0.064640776 0.03144005 Inf
39            CLIC1          .      D NLGF - hAPP -0.160125611 0.04360726 Inf
40            CLIC1          .      T NLGF - hAPP  0.049710902 0.02534798 Inf
41             CTSD       hAPP      .       T - D  0.009911450 0.02951161 Inf
42             CTSD       NLGF      .       T - D -0.155234469 0.02509324 Inf
43             CTSD          .      D NLGF - hAPP  0.209095544 0.03462263 Inf
44             CTSD          .      T NLGF - hAPP  0.043949625 0.02030009 Inf
45            DHX40       hAPP      .       T - D -0.101343407 0.05029941 Inf
46            DHX40       NLGF      .       T - D  0.146043479 0.04017636 Inf
47            DHX40          .      D NLGF - hAPP -0.206942543 0.05299552 Inf
48            DHX40          .      T NLGF - hAPP  0.040444342 0.03650427 Inf
49          DPH5-DT       hAPP      .       T - D  0.312271543 0.06222343 Inf
50          DPH5-DT       NLGF      .       T - D -0.051113285 0.05400762 Inf
51          DPH5-DT          .      D NLGF - hAPP  0.111315262 0.07212198 Inf
52          DPH5-DT          .      T NLGF - hAPP -0.252069567 0.04291785 Inf
53          DYNC2H1       hAPP      .       T - D  0.487228184 0.06611785 Inf
54          DYNC2H1       NLGF      .       T - D  0.090515382 0.05786931 Inf
55          DYNC2H1          .      D NLGF - hAPP  0.198703481 0.07743113 Inf
56          DYNC2H1          .      T NLGF - hAPP -0.198009320 0.04578255 Inf
57  ENSG00000237356       hAPP      .       T - D  0.189664031 0.11138942 Inf
58  ENSG00000237356       NLGF      .       T - D -0.456414752 0.10017502 Inf
59  ENSG00000237356          .      D NLGF - hAPP  0.164602729 0.12974817 Inf
60  ENSG00000237356          .      T NLGF - hAPP -0.481476054 0.08095343 Inf
61  ENSG00000253288       hAPP      .       T - D  0.182672811 0.10913297 Inf
62  ENSG00000253288       NLGF      .       T - D -0.448979272 0.09447220 Inf
63  ENSG00000253288          .      D NLGF - hAPP  0.321380594 0.12532133 Inf
64  ENSG00000253288          .      T NLGF - hAPP -0.310271489 0.07830761 Inf
65  ENSG00000270130       hAPP      .       T - D -0.066310064 0.20240666 Inf
66  ENSG00000270130       NLGF      .       T - D -1.334246484 0.18570400 Inf
67  ENSG00000270130          .      D NLGF - hAPP  0.711302491 0.22379329 Inf
68  ENSG00000270130          .      T NLGF - hAPP -0.556633928 0.17324558 Inf
69  ENSG00000271254       hAPP      .       T - D  0.299863262 0.07020144 Inf
70  ENSG00000271254       NLGF      .       T - D -0.070198931 0.05111837 Inf
71  ENSG00000271254          .      D NLGF - hAPP  0.255938753 0.07243768 Inf
72  ENSG00000271254          .      T NLGF - hAPP -0.114123440 0.04655373 Inf
73  ENSG00000287024       hAPP      .       T - D -0.812499825 0.07921401 Inf
74  ENSG00000287024       NLGF      .       T - D -0.356782418 0.05979576 Inf
75  ENSG00000287024          .      D NLGF - hAPP -0.194247305 0.07525153 Inf
76  ENSG00000287024          .      T NLGF - hAPP  0.261470101 0.06471555 Inf
77           FERMT3       hAPP      .       T - D -0.186259123 0.02956360 Inf
78           FERMT3       NLGF      .       T - D  0.075285016 0.02798990 Inf
79           FERMT3          .      D NLGF - hAPP -0.179009446 0.03573775 Inf
80           FERMT3          .      T NLGF - hAPP  0.082534692 0.02149881 Inf
81           HS3ST4       hAPP      .       T - D  0.248628854 0.14912711 Inf
82           HS3ST4       NLGF      .       T - D  1.049547900 0.11967388 Inf
83           HS3ST4          .      D NLGF - hAPP -0.683657201 0.15604342 Inf
84           HS3ST4          .      T NLGF - hAPP  0.117261846 0.11027490 Inf
85            INCA1       hAPP      .       T - D  0.075537345 0.10556967 Inf
86            INCA1       NLGF      .       T - D -1.070234993 0.17122115 Inf
87            INCA1          .      D NLGF - hAPP  0.706864068 0.17634043 Inf
88            INCA1          .      T NLGF - hAPP -0.438908270 0.09709921 Inf
89            JOSD2       hAPP      .       T - D  0.080070926 0.07692127 Inf
90            JOSD2       NLGF      .       T - D  0.572678062 0.07096696 Inf
91            JOSD2          .      D NLGF - hAPP -0.325508617 0.09485253 Inf
92            JOSD2          .      T NLGF - hAPP  0.167098519 0.05291740 Inf
93        LINC00680       hAPP      .       T - D  0.516370351 0.05246332 Inf
94        LINC00680       NLGF      .       T - D  0.229321576 0.04345865 Inf
95        LINC00680          .      D NLGF - hAPP  0.189428657 0.06026368 Inf
96        LINC00680          .      T NLGF - hAPP -0.097620118 0.03388127 Inf
97        LINC00888       hAPP      .       T - D  0.273193824 0.05397171 Inf
98        LINC00888       NLGF      .       T - D -0.061234888 0.04661251 Inf
99        LINC00888          .      D NLGF - hAPP  0.210978080 0.06161349 Inf
100       LINC00888          .      T NLGF - hAPP -0.123450633 0.03843550 Inf
101       LINC01852       hAPP      .       T - D -0.387091091 0.06599561 Inf
102       LINC01852       NLGF      .       T - D -0.011426313 0.05936561 Inf
103       LINC01852          .      D NLGF - hAPP -0.237197365 0.07468169 Inf
104       LINC01852          .      T NLGF - hAPP  0.138467413 0.04935278 Inf
105       LINC02352       hAPP      .       T - D -0.279448643 0.07839865 Inf
106       LINC02352       NLGF      .       T - D  0.106996769 0.06000810 Inf
107       LINC02352          .      D NLGF - hAPP -0.225653180 0.08184852 Inf
108       LINC02352          .      T NLGF - hAPP  0.160792233 0.05520908 Inf
109       LINC03011       hAPP      .       T - D -0.219982852 0.04885638 Inf
110       LINC03011       NLGF      .       T - D  0.056043711 0.03748975 Inf
111       LINC03011          .      D NLGF - hAPP -0.203230098 0.05125812 Inf
112       LINC03011          .      T NLGF - hAPP  0.072796464 0.03413318 Inf
113           MTHFS       hAPP      .       T - D  0.045443774 0.04660418 Inf
114           MTHFS       NLGF      .       T - D -0.219069643 0.03911955 Inf
115           MTHFS          .      D NLGF - hAPP  0.202677117 0.05492912 Inf
116           MTHFS          .      T NLGF - hAPP -0.061836299 0.03289712 Inf
117          MYL12A       hAPP      .       T - D -0.204863559 0.03930198 Inf
118          MYL12A       NLGF      .       T - D  0.015310007 0.03296855 Inf
119          MYL12A          .      D NLGF - hAPP -0.119901671 0.04612697 Inf
120          MYL12A          .      T NLGF - hAPP  0.100271895 0.02663667 Inf
121           NEIL1       hAPP      .       T - D  0.250931458 0.04208281 Inf
122           NEIL1       NLGF      .       T - D  0.026266520 0.03104797 Inf
123           NEIL1          .      D NLGF - hAPP  0.011583982 0.04497900 Inf
124           NEIL1          .      T NLGF - hAPP -0.213080955 0.02668101 Inf
125           PPIL1       hAPP      .       T - D  0.210150691 0.04360865 Inf
126           PPIL1       NLGF      .       T - D -0.049016090 0.04048708 Inf
127           PPIL1          .      D NLGF - hAPP  0.097697919 0.05080870 Inf
128           PPIL1          .      T NLGF - hAPP -0.161468862 0.03240114 Inf
129        SH3PXD2B       hAPP      .       T - D  0.627872289 0.12605214 Inf
130        SH3PXD2B       NLGF      .       T - D -0.063581850 0.09881978 Inf
131        SH3PXD2B          .      D NLGF - hAPP  0.109465687 0.14236628 Inf
132        SH3PXD2B          .      T NLGF - hAPP -0.581988452 0.07809211 Inf
133            SHQ1       hAPP      .       T - D  0.292257120 0.04293260 Inf
134            SHQ1       NLGF      .       T - D  0.010349679 0.03790781 Inf
135            SHQ1          .      D NLGF - hAPP  0.126000778 0.05004925 Inf
136            SHQ1          .      T NLGF - hAPP -0.155906663 0.03001266 Inf
137            TDP2       hAPP      .       T - D  0.093869886 0.02712960 Inf
138            TDP2       NLGF      .       T - D -0.075989764 0.02688443 Inf
139            TDP2          .      D NLGF - hAPP  0.060657977 0.03265390 Inf
140            TDP2          .      T NLGF - hAPP -0.109201673 0.02080743 Inf
141           TRIQK       hAPP      .       T - D  0.138097144 0.03199563 Inf
142           TRIQK       NLGF      .       T - D -0.061844140 0.02938452 Inf
143           TRIQK          .      D NLGF - hAPP  0.107111183 0.03760500 Inf
144           TRIQK          .      T NLGF - hAPP -0.092830101 0.02328745 Inf
145            TTC8       hAPP      .       T - D  0.231829924 0.04356741 Inf
146            TTC8       NLGF      .       T - D -0.117463429 0.03768354 Inf
147            TTC8          .      D NLGF - hAPP  0.283831247 0.05041425 Inf
148            TTC8          .      T NLGF - hAPP -0.065462107 0.03051704 Inf
149           USP54       hAPP      .       T - D  0.287933063 0.07316995 Inf
150           USP54       NLGF      .       T - D -0.143087058 0.06147230 Inf
151           USP54          .      D NLGF - hAPP  0.273309227 0.08354993 Inf
152           USP54          .      T NLGF - hAPP -0.157710894 0.04993017 Inf
153          ZNF248       hAPP      .       T - D -0.137779097 0.06085756 Inf
154          ZNF248       NLGF      .       T - D -0.578947463 0.05792108 Inf
155          ZNF248          .      D NLGF - hAPP  0.260861402 0.07059324 Inf
156          ZNF248          .      T NLGF - hAPP -0.180306963 0.04628557 Inf
157         ZNF354C       hAPP      .       T - D  0.057757479 0.06267453 Inf
158         ZNF354C       NLGF      .       T - D -0.351234741 0.06032932 Inf
159         ZNF354C          .      D NLGF - hAPP  0.237250527 0.07442766 Inf
160         ZNF354C          .      T NLGF - hAPP -0.171741693 0.04878470 Inf
161          ZNF493       hAPP      .       T - D  0.210504412 0.07355933 Inf
162          ZNF493       NLGF      .       T - D -0.265093844 0.06623483 Inf
163          ZNF493          .      D NLGF - hAPP  0.288589566 0.08682834 Inf
164          ZNF493          .      T NLGF - hAPP -0.187008690 0.05240467 Inf
165          ZNF664       hAPP      .       T - D  0.008003174 0.04507888 Inf
166          ZNF664       NLGF      .       T - D -0.248330558 0.03991738 Inf
167          ZNF664          .      D NLGF - hAPP  0.168439025 0.05300485 Inf
168          ZNF664          .      T NLGF - hAPP -0.087894707 0.03249508 Inf
169      ZNF790-AS1       hAPP      .       T - D  0.834151881 0.27547390 Inf
170      ZNF790-AS1       NLGF      .       T - D -0.757530784 0.24597323 Inf
171      ZNF790-AS1          .      D NLGF - hAPP  1.235736424 0.32559995 Inf
172      ZNF790-AS1          .      T NLGF - hAPP -0.355946241 0.19695080 Inf
        z.ratio       p.value Interaction_P Ploidy_Main_P Background_Main_P
1    -2.4266147  1.524043e-02  1.176992e-04  1.524043e-02      5.225628e-07
2     3.5353103  4.072965e-04  1.176992e-04  1.524043e-02      5.225628e-07
3    -5.0178378  5.225628e-07  1.176992e-04  1.524043e-02      5.225628e-07
4    -0.5311450  5.953183e-01  1.176992e-04  1.524043e-02      5.225628e-07
5     3.7841159  1.542559e-04  2.753917e-05  1.542559e-04      1.338740e-03
6    -2.7750087  5.520024e-03  2.753917e-05  1.542559e-04      1.338740e-03
7     3.2075430  1.338740e-03  2.753917e-05  1.542559e-04      1.338740e-03
8    -3.5032042  4.596969e-04  2.753917e-05  1.542559e-04      1.338740e-03
9     1.0197500  3.078470e-01  5.714398e-05  3.078470e-01      1.027285e-14
10    7.1540822  8.423461e-13  5.714398e-05  3.078470e-01      1.027285e-14
11   -7.7358326  1.027285e-14  5.714398e-05  3.078470e-01      1.027285e-14
12   -3.4664940  5.272936e-04  5.714398e-05  3.078470e-01      1.027285e-14
13    3.8695216  1.090491e-04  2.838230e-06  1.090491e-04      1.063386e-06
14   -3.3842388  7.137591e-04  2.838230e-06  1.090491e-04      1.063386e-06
15    4.8795307  1.063386e-06  2.838230e-06  1.090491e-04      1.063386e-06
16   -1.6334313  1.023783e-01  2.838230e-06  1.090491e-04      1.063386e-06
17    2.4784980  1.319368e-02  2.585008e-05  1.319368e-02      5.040507e-06
18   -4.3120397  1.617554e-05  2.585008e-05  1.319368e-02      5.040507e-06
19    4.5630947  5.040507e-06  2.585008e-05  1.319368e-02      5.040507e-06
20   -1.0920799  2.747980e-01  2.585008e-05  1.319368e-02      5.040507e-06
21   -3.1785640  1.480066e-03  5.535634e-05  1.480066e-03      2.344163e-06
22    3.3253142  8.831895e-04  5.535634e-05  1.480066e-03      2.344163e-06
23   -4.7212355  2.344163e-06  5.535634e-05  1.480066e-03      2.344163e-06
24    0.8389263  4.015107e-01  5.535634e-05  1.480066e-03      2.344163e-06
25   -8.0607321  7.583885e-16  2.786624e-05  7.583885e-16      2.498869e-04
26   -2.0018178  4.530433e-02  2.786624e-05  7.583885e-16      2.498869e-04
27   -3.6623758  2.498869e-04  2.786624e-05  7.583885e-16      2.498869e-04
28    2.6254661  8.653043e-03  2.786624e-05  7.583885e-16      2.498869e-04
29    8.8286384  1.059577e-18  8.469406e-05  1.059577e-18      1.361593e-03
30    3.6023206  3.153891e-04  8.469406e-05  1.059577e-18      1.361593e-03
31    3.2026713  1.361593e-03  8.469406e-05  1.059577e-18      1.361593e-03
32   -3.0305551  2.441046e-03  8.469406e-05  1.059577e-18      1.361593e-03
33   26.6511998 1.733289e-156  5.729954e-05 1.733289e-156      3.705746e-05
34   41.0480282  0.000000e+00  5.729954e-05 1.733289e-156      3.705746e-05
35   -4.1250994  3.705746e-05  5.729954e-05 1.733289e-156      3.705746e-05
36    0.9469369  3.436710e-01  5.729954e-05 1.733289e-156      3.705746e-05
37   -3.9141022  9.074121e-05  7.911239e-05  9.074121e-05      2.406649e-04
38    2.0560012  3.978240e-02  7.911239e-05  9.074121e-05      2.406649e-04
39   -3.6719944  2.406649e-04  7.911239e-05  9.074121e-05      2.406649e-04
40    1.9611389  4.986283e-02  7.911239e-05  9.074121e-05      2.406649e-04
41    0.3358492  7.369846e-01  9.899644e-05  7.369846e-01      1.548091e-09
42   -6.1863057  6.159050e-10  9.899644e-05  7.369846e-01      1.548091e-09
43    6.0392741  1.548091e-09  9.899644e-05  7.369846e-01      1.548091e-09
44    2.1649968  3.038793e-02  9.899644e-05  7.369846e-01      1.548091e-09
45   -2.0148033  4.392526e-02  1.233749e-04  4.392526e-02      9.426184e-05
46    3.6350604  2.779156e-04  1.233749e-04  4.392526e-02      9.426184e-05
47   -3.9049064  9.426184e-05  1.233749e-04  4.392526e-02      9.426184e-05
48    1.1079345  2.678901e-01  1.233749e-04  4.392526e-02      9.426184e-05
49    5.0185521  5.206238e-07  7.669231e-05  5.206238e-07      1.227263e-01
50   -0.9464088  3.439401e-01  7.669231e-05  5.206238e-07      1.227263e-01
51    1.5434306  1.227263e-01  7.669231e-05  5.206238e-07      1.227263e-01
52   -5.8733043  4.271933e-09  7.669231e-05  5.206238e-07      1.227263e-01
53    7.3690867  1.718009e-13  4.605768e-05  1.718009e-13      1.028206e-02
54    1.5641345  1.177860e-01  4.605768e-05  1.718009e-13      1.028206e-02
55    2.5661964  1.028206e-02  4.605768e-05  1.718009e-13      1.028206e-02
56   -4.3249956  1.525349e-05  4.605768e-05  1.718009e-13      1.028206e-02
57    1.7027113  8.862210e-02  1.023083e-04  8.862210e-02      2.045722e-01
58   -4.5561731  5.209401e-06  1.023083e-04  8.862210e-02      2.045722e-01
59    1.2686324  2.045722e-01  1.023083e-04  8.862210e-02      2.045722e-01
60   -5.9475680  2.721557e-09  1.023083e-04  8.862210e-02      2.045722e-01
61    1.6738554  9.415902e-02  9.429802e-05  9.415902e-02      1.033387e-02
62   -4.7525013  2.009155e-06  9.429802e-05  9.415902e-02      1.033387e-02
63    2.5644525  1.033387e-02  9.429802e-05  9.415902e-02      1.033387e-02
64   -3.9622138  7.425800e-05  9.429802e-05  9.415902e-02      1.033387e-02
65   -0.3276081  7.432080e-01  6.888969e-05  7.432080e-01      1.480951e-03
66   -7.1848022  6.730457e-13  6.888969e-05  7.432080e-01      1.480951e-03
67    3.1783905  1.480951e-03  6.888969e-05  7.432080e-01      1.480951e-03
68   -3.2129762  1.313672e-03  6.888969e-05  7.432080e-01      1.480951e-03
69    4.2714689  1.941896e-05  2.038427e-05  1.941896e-05      4.105198e-04
70   -1.3732623  1.696708e-01  2.038427e-05  1.941896e-05      4.105198e-04
71    3.5332270  4.105198e-04  2.038427e-05  1.941896e-05      4.105198e-04
72   -2.4514351  1.422879e-02  2.038427e-05  1.941896e-05      4.105198e-04
73  -10.2570212  1.100492e-24  4.403277e-06  1.100492e-24      9.842703e-03
74   -5.9666844  2.421231e-09  4.403277e-06  1.100492e-24      9.842703e-03
75   -2.5813069  9.842703e-03  4.403277e-06  1.100492e-24      9.842703e-03
76    4.0402979  5.338334e-05  4.403277e-06  1.100492e-24      9.842703e-03
77   -6.3002859  2.970972e-10  7.624836e-09  2.970972e-10      5.472117e-07
78    2.6897208  7.151183e-03  7.624836e-09  2.970972e-10      5.472117e-07
79   -5.0089733  5.472117e-07  7.624836e-09  2.970972e-10      5.472117e-07
80    3.8390349  1.235189e-04  7.624836e-09  2.970972e-10      5.472117e-07
81    1.6672277  9.546913e-02  2.773314e-05  9.546913e-02      1.180282e-05
82    8.7700665  1.785607e-18  2.773314e-05  9.546913e-02      1.180282e-05
83   -4.3811986  1.180282e-05  2.773314e-05  9.546913e-02      1.180282e-05
84    1.0633593  2.876190e-01  2.773314e-05  9.546913e-02      1.180282e-05
85    0.7155212  4.742870e-01  3.406833e-07  4.742870e-01      6.110058e-05
86   -6.2506005  4.088775e-10  3.406833e-07  4.742870e-01      6.110058e-05
87    4.0085195  6.110058e-05  3.406833e-07  4.742870e-01      6.110058e-05
88   -4.5202043  6.177997e-06  3.406833e-07  4.742870e-01      6.110058e-05
89    1.0409465  2.979004e-01  1.890157e-05  2.979004e-01      5.997366e-04
90    8.0696438  7.050355e-16  1.890157e-05  2.979004e-01      5.997366e-04
91   -3.4317335  5.997366e-04  1.890157e-05  2.979004e-01      5.997366e-04
92    3.1577233  1.590064e-03  1.890157e-05  2.979004e-01      5.997366e-04
93    9.8425031  7.385016e-23  1.112844e-04  7.385016e-23      1.670372e-03
94    5.2767764  1.314761e-07  1.112844e-04  7.385016e-23      1.670372e-03
95    3.1433303  1.670372e-03  1.112844e-04  7.385016e-23      1.670372e-03
96   -2.8812414  3.961122e-03  1.112844e-04  7.385016e-23      1.670372e-03
97    5.0617967  4.153237e-07  2.037539e-05  4.153237e-07      6.165696e-04
98   -1.3137006  1.889470e-01  2.037539e-05  4.153237e-07      6.165696e-04
99    3.4242188  6.165696e-04  2.037539e-05  4.153237e-07      6.165696e-04
100  -3.2118907  1.318645e-03  2.037539e-05  4.153237e-07      6.165696e-04
101  -5.8654063  4.480343e-09  7.733751e-05  4.480343e-09      1.492636e-03
102  -0.1924736  8.473712e-01  7.733751e-05  4.480343e-09      1.492636e-03
103  -3.1761115  1.492636e-03  7.733751e-05  4.480343e-09      1.492636e-03
104   2.8056657  5.021275e-03  7.733751e-05  4.480343e-09      1.492636e-03
105  -3.5644573  3.646098e-04  9.069170e-05  3.646098e-04      5.834130e-03
106   1.7830389  7.457997e-02  9.069170e-05  3.646098e-04      5.834130e-03
107  -2.7569611  5.834130e-03  9.069170e-05  3.646098e-04      5.834130e-03
108   2.9124235  3.586361e-03  9.069170e-05  3.646098e-04      5.834130e-03
109  -4.5026432  6.711352e-06  7.392378e-06  6.711352e-06      7.344615e-05
110   1.4949074  1.349386e-01  7.392378e-06  6.711352e-06      7.344615e-05
111  -3.9648369  7.344615e-05  7.392378e-06  6.711352e-06      7.344615e-05
112   2.1327184  3.294783e-02  7.392378e-06  6.711352e-06      7.344615e-05
113   0.9751008  3.295103e-01  6.051235e-05  3.295103e-01      2.244357e-04
114  -5.6000043  2.143464e-08  6.051235e-05  3.295103e-01      2.244357e-04
115   3.6897940  2.244357e-04  6.051235e-05  3.295103e-01      2.244357e-04
116  -1.8796873  6.015071e-02  6.051235e-05  3.295103e-01      2.244357e-04
117  -5.2125502  1.862622e-07  8.560156e-05  1.862622e-07      9.339145e-03
118   0.4643822  6.423740e-01  8.560156e-05  1.862622e-07      9.339145e-03
119  -2.5993832  9.339145e-03  8.560156e-05  1.862622e-07      9.339145e-03
120   3.7644308  1.669289e-04  8.560156e-05  1.862622e-07      9.339145e-03
121   5.9628020  2.479487e-09  1.742109e-05  2.479487e-09      7.967604e-01
122   0.8459981  3.975538e-01  1.742109e-05  2.479487e-09      7.967604e-01
123   0.2575420  7.967604e-01  1.742109e-05  2.479487e-09      7.967604e-01
124  -7.9862390  1.391178e-15  1.742109e-05  2.479487e-09      7.967604e-01
125   4.8190135  1.442698e-06  9.221835e-05  1.442698e-06      5.449789e-02
126  -1.2106602  2.260257e-01  9.221835e-05  1.442698e-06      5.449789e-02
127   1.9228579  5.449789e-02  9.221835e-05  1.442698e-06      5.449789e-02
128  -4.9834319  6.246629e-07  9.221835e-05  1.442698e-06      5.449789e-02
129   4.9810523  6.323945e-07  9.566225e-05  6.323945e-07      4.419516e-01
130  -0.6434122  5.199567e-01  9.566225e-05  6.323945e-07      4.419516e-01
131   0.7689018  4.419516e-01  9.566225e-05  6.323945e-07      4.419516e-01
132  -7.4525894  9.152580e-14  9.566225e-05  6.323945e-07      4.419516e-01
133   6.8073469  9.941501e-12  1.116030e-05  9.941501e-12      1.181790e-02
134   0.2730224  7.848360e-01  1.116030e-05  9.941501e-12      1.181790e-02
135   2.5175357  1.181790e-02  1.116030e-05  9.941501e-12      1.181790e-02
136  -5.1946966  2.050539e-07  1.116030e-05  9.941501e-12      1.181790e-02
137   3.4600541  5.400669e-04  1.006514e-04  5.400669e-04      6.322545e-02
138  -2.8265342  4.705471e-03  1.006514e-04  5.400669e-04      6.322545e-02
139   1.8576027  6.322545e-02  1.006514e-04  5.400669e-04      6.322545e-02
140  -5.2482051  1.535883e-07  1.006514e-04  5.400669e-04      6.322545e-02
141   4.3161248  1.587922e-05  3.800408e-05  1.587922e-05      4.395029e-03
142  -2.1046502  3.532177e-02  3.800408e-05  1.587922e-05      4.395029e-03
143   2.8483230  4.395029e-03  3.800408e-05  1.587922e-05      4.395029e-03
144  -3.9862709  6.711986e-05  3.800408e-05  1.587922e-05      4.395029e-03
145   5.3211778  1.030976e-07  5.028313e-08  1.030976e-07      1.802303e-08
146  -3.1171018  1.826385e-03  5.028313e-08  1.030976e-07      1.802303e-08
147   5.6299802  1.802303e-08  5.028313e-08  1.030976e-07      1.802303e-08
148  -2.1451004  3.194482e-02  5.028313e-08  1.030976e-07      1.802303e-08
149   3.9351273  8.315262e-05  5.538614e-05  8.315262e-05      1.070890e-03
150  -2.3276673  1.992978e-02  5.538614e-05  8.315262e-05      1.070890e-03
151   3.2712082  1.070890e-03  5.538614e-05  8.315262e-05      1.070890e-03
152  -3.1586293  1.585130e-03  5.538614e-05  8.315262e-05      1.070890e-03
153  -2.2639602  2.357657e-02  1.604488e-06  2.357657e-02      2.196494e-04
154  -9.9954534  1.595554e-23  1.604488e-06  2.357657e-02      2.196494e-04
155   3.6952745  2.196494e-04  1.604488e-06  2.357657e-02      2.196494e-04
156  -3.8955331  9.798298e-05  1.604488e-06  2.357657e-02      2.196494e-04
157   0.9215462  3.567653e-01  3.738169e-05  3.567653e-01      1.434261e-03
158  -5.8219576  5.816229e-09  3.738169e-05  3.567653e-01      1.434261e-03
159   3.1876660  1.434261e-03  3.738169e-05  3.567653e-01      1.434261e-03
160  -3.5204004  4.308958e-04  3.738169e-05  3.567653e-01      1.434261e-03
161   2.8616957  4.213812e-03  1.354587e-05  4.213812e-03      8.883820e-04
162  -4.0023332  6.272089e-05  1.354587e-05  4.213812e-03      8.883820e-04
163   3.3236796  8.883820e-04  1.354587e-05  4.213812e-03      8.883820e-04
164  -3.5685501  3.589622e-04  1.354587e-05  4.213812e-03      8.883820e-04
165   0.1775371  8.590865e-01  1.169942e-04  8.590865e-01      1.483952e-03
166  -6.2211129  4.936408e-10  1.169942e-04  8.590865e-01      1.483952e-03
167   3.1778037  1.483952e-03  1.169942e-04  8.590865e-01      1.483952e-03
168  -2.7048622  6.833272e-03  1.169942e-04  8.590865e-01      1.483952e-03
169   3.0280614  2.461281e-03  1.193767e-04  2.461281e-03      1.474889e-04
170  -3.0797285  2.071894e-03  1.193767e-04  2.461281e-03      1.474889e-04
171   3.7952598  1.474889e-04  1.193767e-04  2.461281e-03      1.474889e-04
172  -1.8072851  7.071784e-02  1.193767e-04  2.461281e-03      1.474889e-04
         log2FC FoldChange           FDR Interaction_FDR
1   -0.46635994  0.7237885  9.906907e-02    0.0415004716
2    0.63691415  1.5549995  8.548440e-03    0.0415004716
3   -1.17641119  0.4424508  4.047644e-05    0.0415004716
4   -0.07313710  0.9505688  7.820971e-01    0.0415004716
5    0.72619401  1.6542692  4.241529e-03    0.0239338188
6   -0.45324848  0.7303964  5.199773e-02    0.0239338188
7    0.71657128  1.6432720  2.014303e-02    0.0239338188
8   -0.46287121  0.7255409  9.328588e-03    0.0239338188
9    0.09746730  1.0698936  5.511656e-01    0.0348596099
10   0.75953259  1.6929421  2.497236e-10    0.0348596099
11  -0.93458159  0.5231942  4.195563e-12    0.0348596099
12  -0.27251630  0.8278743  1.031676e-02    0.0348596099
13   0.75429137  1.6868029  3.246074e-03    0.0082881997
14  -0.59114574  0.6638155  1.290578e-02    0.0082881997
15   1.12843884  2.1862204  7.491547e-05    0.0082881997
16  -0.21699827  0.8603537  2.987904e-01    0.0082881997
17   0.55526058  1.4694340  9.066370e-02    0.0239338188
18  -0.79193356  0.5775695  7.034252e-04    0.0239338188
19   1.18296839  2.2704345  2.743530e-04    0.0239338188
20  -0.16422575  0.8924073  5.186475e-01    0.0239338188
21  -0.40725999  0.7540541  2.162088e-02    0.0348596099
22   0.39934279  1.3189070  1.503817e-02    0.0348596099
23  -0.72948132  0.6031207  1.453356e-04    0.0348596099
24   0.07712146  1.0549111  6.357788e-01    0.0348596099
25  -0.37523501  0.7709798  3.433501e-13    0.0239338188
26  -0.08439916  0.9431773  1.877909e-01    0.0239338188
27  -0.20241197  0.8690963  5.991029e-03    0.0239338188
28   0.08842388  1.0632080  6.915405e-02    0.0239338188
29   0.94766638  1.9287503  5.922832e-16    0.0393106296
30   0.33096636  1.2578556  7.122842e-03    0.0393106296
31   0.40208821  1.3214192  2.036392e-02    0.0393106296
32  -0.21461181  0.8617780  3.031995e-02    0.0393106296
33   4.69628902 25.9253044 2.530732e-152    0.0348596099
34   5.64416371 50.0106589  0.000000e+00    0.0348596099
35  -0.87368801  0.5457499  1.368923e-03    0.0348596099
36   0.07418667  1.0527674  5.857360e-01    0.0348596099
37  -0.20947317  0.8648530  2.808457e-03    0.0393106296
38   0.09325693  1.0667757  1.742513e-01    0.0393106296
39  -0.23101242  0.8520368  5.829761e-03    0.0393106296
40   0.07171767  1.0509672  1.981952e-01    0.0393106296
41   0.01429920  1.0099607  8.691337e-01    0.0393106296
42  -0.22395600  0.8562144  1.024806e-07    0.0393106296
43   0.30166110  1.2325628  2.314849e-07    0.0393106296
44   0.06340591  1.0449297  1.483158e-01    0.0393106296
45  -0.14620763  0.9036227  1.843333e-01    0.0418929484
46   0.21069620  1.1572465  6.502845e-03    0.0418929484
47  -0.29855498  0.8130664  2.889855e-03    0.0418929484
48   0.05834885  1.0412734  5.114942e-01    0.0418929484
49   0.45051261  1.3665257  4.037981e-05    0.0393106296
50  -0.07374088  0.9501710  5.859553e-01    0.0393106296
51   0.16059398  1.1177472  3.312806e-01    0.0393106296
52  -0.36365951  0.7771907  5.886464e-07    0.0393106296
53   0.70292168  1.6277980  5.855534e-11    0.0336244106
54   0.13058609  1.0947383  3.240100e-01    0.0336244106
55   0.28666853  1.2198202  7.735452e-02    0.0336244106
56  -0.28566706  0.8203622  6.703158e-04    0.0336244106
57   0.27362736  1.2088434  2.761407e-01    0.0393106296
58  -0.65846730  0.6335510  2.822307e-04    0.0393106296
59   0.23747154  1.1789247  4.401901e-01    0.0393106296
60  -0.69462312  0.6178707  3.876758e-07    0.0393106296
61   0.26354116  1.2004216  2.859534e-01    0.0393106296
62  -0.64774017  0.6382793  1.280054e-04    0.0393106296
63   0.46365419  1.3790303  7.761435e-02    0.0393106296
64  -0.44762714  0.7332479  2.410723e-03    0.0393106296
65  -0.09566520  0.9358406  8.727607e-01    0.0386868622
66  -1.92491079  0.2633565  2.058005e-10    0.0386868622
67   1.02619258  2.0366422  2.162841e-02    0.0386868622
68  -0.80305301  0.5731350  1.989688e-02    0.0386868622
69   0.43261124  1.3496742  8.185743e-04    0.0228946722
70  -0.10127565  0.9322084  3.979153e-01    0.0228946722
71   0.36924157  1.2916736  8.602651e-03    0.0228946722
72  -0.16464532  0.8921478  9.488727e-02    0.0228946722
73  -1.17218947  0.4437474  9.738190e-22    0.0107153754
74  -0.51472823  0.6999248  3.474377e-07    0.0107153754
75  -0.28023962  0.8234542  7.516795e-02    0.0107153754
76   0.37722162  1.2988381  1.842640e-03    0.0107153754
77  -0.26871511  0.8300585  5.388624e-08    0.0001113302
78   0.10861332  1.0781914  6.129300e-02    0.0001113302
79  -0.25825604  0.8360980  4.221771e-05    0.0001113302
80   0.11907239  1.0860363  3.564167e-03    0.0001113302
81   0.35869561  1.2822660  2.879580e-01    0.0239338188
82   1.51417755  2.8563595  9.838190e-16    0.0239338188
83  -0.98630885  0.5047676  5.406433e-04    0.0239338188
84   0.16917308  1.1244138  5.308876e-01    0.0239338188
85   0.10897735  1.0784635  6.945087e-01    0.0016581055
86  -1.54402272  0.3429279  7.171073e-08    0.0016581055
87   1.01978928  2.0276228  2.054380e-03    0.0016581055
88  -0.63321078  0.6447399  3.241811e-04    0.0016581055
89   0.11551793  1.0833639  5.406717e-01    0.0228946722
90   0.82619980  1.7730089  3.216890e-13    0.0228946722
91  -0.46960967  0.7221600  1.135378e-02    0.0228946722
92   0.24107220  1.1818707  2.267225e-02    0.0228946722
93   0.74496495  1.6759335  5.828474e-20    0.0415004716
94   0.33084110  1.2577464  1.220763e-05    0.0415004716
95   0.27328778  1.2085589  2.340565e-02    0.0415004716
96  -0.14083606  0.9069934  4.179150e-02    0.0415004716
97   0.39413538  1.3141549  3.295673e-05    0.0228946722
98  -0.08834327  0.9406023  4.216266e-01    0.0228946722
99   0.30437703  1.2348853  1.153570e-02    0.0228946722
100 -0.17810162  0.8838653  1.995151e-02    0.0228946722
101 -0.55845440  0.6790292  6.142382e-07    0.0393106296
102 -0.01648468  0.9886387  9.279772e-01    0.0393106296
103 -0.34220346  0.7888356  2.171426e-02    0.0393106296
104  0.19976625  1.1485123  4.876915e-02    0.0393106296
105 -0.40315917  0.7562006  7.907281e-03    0.0393106296
106  0.15436371  1.1129307  2.506934e-01    0.0393106296
107 -0.32554872  0.7979948  5.398065e-02    0.0393106296
108  0.23197416  1.1744409  3.921081e-02    0.0393106296
109 -0.31736817  0.8025326  3.468700e-04    0.0154194441
110  0.08085398  1.0576439  3.495751e-01    0.0154194441
111 -0.29319906  0.8160904  2.387020e-03    0.0154194441
112  0.10502310  1.0755116  1.556587e-01    0.0154194441
113  0.06556151  1.0464922  5.723578e-01    0.0353416356
114 -0.31605069  0.8032658  2.469127e-06    0.0353416356
115  0.29240127  1.2246770  5.547068e-03    0.0353416356
116 -0.08921092  0.9400368  2.215274e-01    0.0353416356
117 -0.29555564  0.8147585  1.660804e-05    0.0393106296
118  0.02208767  1.0154278  8.121200e-01    0.0393106296
119 -0.17298155  0.8870077  7.262770e-02    0.0393106296
120  0.14466177  1.1054714  4.476193e-03    0.0393106296
121  0.36201757  1.2852220  3.549253e-07    0.0228946722
122  0.03789458  1.0266145  6.323363e-01    0.0228946722
123  0.01671215  1.0116513  9.014721e-01    0.0228946722
124 -0.30741084  0.8080907  6.018443e-13    0.0228946722
125  0.30318336  1.2338640  9.752068e-05    0.0393106296
126 -0.07071527  0.9521658  4.654318e-01    0.0393106296
127  0.14094830  1.1026297  2.089768e-01    0.0393106296
128 -0.23295033  0.8508930  4.744108e-05    0.0393106296
129  0.90582824  1.8736198  4.796589e-05    0.0393106296
130 -0.09172922  0.9383973  7.301036e-01    0.0393106296
131  0.15792560  1.1156818  6.694195e-01    0.0393106296
132 -0.83963185  0.5587861  3.279375e-11    0.0393106296
133  0.42163790  1.3394474  2.481254e-09    0.0203689513
134  0.01493143  1.0104034  8.953567e-01    0.0203689513
135  0.18178070  1.1342831  8.436491e-02    0.0203689513
136 -0.22492577  0.8556390  1.803579e-05    0.0203689513
137  0.13542562  1.0984168  1.047937e-02    0.0393106296
138 -0.10963006  0.9268257  4.687142e-02    0.0393106296
139  0.08751096  1.0625354  2.278934e-01    0.0393106296
140 -0.15754471  0.8965496  1.398413e-05    0.0393106296
141  0.19923206  1.1480871  6.920853e-04    0.0292051328
142 -0.08922223  0.9400294  1.623870e-01    0.0292051328
143  0.15452877  1.1130580  4.471048e-02    0.0292051328
144 -0.13392553  0.9113483  2.220964e-03    0.0292051328
145  0.33445988  1.2609053  9.985421e-06    0.0003670920
146 -0.16946391  0.8891730  2.489297e-02    0.0003670920
147  0.40948193  1.3282088  2.122175e-06    0.0003670920
148 -0.09444186  0.9366345  1.528739e-01    0.0003670920
149  0.41539960  1.3336680  2.625061e-03    0.0348596099
150 -0.20643099  0.8666786  1.161623e-01    0.0348596099
151  0.39430187  1.3143066  1.725148e-02    0.0348596099
152 -0.22752873  0.8540967  2.263656e-02    0.0348596099
153 -0.19877322  0.8712911  1.277312e-01    0.0058567838
154 -0.83524463  0.5604880  1.312467e-20    0.0058567838
155  0.37634345  1.2980477  5.456480e-03    0.0058567838
156 -0.26012796  0.8350139  2.986691e-03    0.0058567838
157  0.08332643  1.0594580  5.975989e-01    0.0292051328
158 -0.50672462  0.7038185  7.737705e-07    0.0292051328
159  0.34228016  1.2677587  2.117420e-02    0.0292051328
160 -0.24777089  0.8421967  8.927141e-03    0.0292051328
161  0.30369367  1.2343005  4.350350e-02    0.0219759130
162 -0.38244957  0.7671340  2.101599e-03    0.0219759130
163  0.41634674  1.3345439  1.511336e-02    0.0219759130
164 -0.26979651  0.8294365  7.831270e-03    0.0219759130
165  0.01154614  1.0080353  9.333165e-01    0.0415004716
166 -0.35826526  0.7801020  8.425632e-08    0.0415004716
167  0.24300615  1.1834561  2.165057e-02    0.0415004716
168 -0.12680526  0.9158573  5.958250e-02    0.0415004716
169  1.20342678  2.3028601  3.048699e-02    0.0415004716
170 -1.09288591  0.4688226  2.713112e-02    0.0415004716
171  1.78279081  3.4409116  4.103761e-03    0.0415004716
172 -0.51352188  0.7005103  2.428919e-01    0.0415004716
There were 30 warnings (use warnings() to see them)
end: 2026-04-29T05:59:30+01:00
