[31m

processing file: gsea_glmmTMB_trisomy.qmd
[39m1/21                   
2/21 [unnamed-chunk-1] 
3/21                   
4/21 [unnamed-chunk-2] 
5/21                   
6/21 [unnamed-chunk-3] 
7/21                   
8/21 [unnamed-chunk-4] 
9/21                   
10/21 [unnamed-chunk-5] 
11/21                   
12/21 [unnamed-chunk-6] 
13/21                   
14/21 [unnamed-chunk-7] 
15/21                   
16/21 [unnamed-chunk-8] 
17/21                   
18/21 [unnamed-chunk-9] 
19/21                   
20/21 [unnamed-chunk-10]
21/21                   
[31moutput file: gsea_glmmTMB_trisomy.knit.md

[39m[1mpandoc [22m
  to: html
  output-file: gsea_glmmTMB_trisomy.html
  standalone: true
  title-prefix: Trisomy scRNA-seq
  section-divs: true
  html-math-method: mathjax
  wrap: none
  default-image-extension: png
  toc: true
  
[1mmetadata[22m
  document-css: false
  link-citations: true
  date-format: long
  lang: en
  theme: cosmo
  code-copy: true
  title: 'GSEA (glmmTMB, trisomy)'
  
Output created: ../docs/notebooks/gsea_glmmTMB_trisomy.html

