[31m

processing file: glmmTMB_DE_chr21_removed.qmd
[39m1/27                   
2/27 [unnamed-chunk-1] 
3/27                   
4/27 [unnamed-chunk-2] 
5/27                   
6/27 [unnamed-chunk-3] 
7/27                   
8/27 [unnamed-chunk-4] 
9/27                   
10/27 [unnamed-chunk-5] 
[31mError in `geom_point()`:
! Problem while computing aesthetics.
ℹ Error occurred in the 1st layer.
Caused by error:
! object 'NLGF' not found
Backtrace:
     ▆
  1. ├─base::print(p)
  2. ├─ggplot2 (local) `print.ggplot2::ggplot`(p)
  3. │ ├─ggplot2::ggplot_build(x)
  4. │ └─ggplot2 (local) `ggplot_build.ggplot2::ggplot`(x)
  5. │   └─ggplot2:::by_layer(...)
  6. │     ├─rlang::try_fetch(...)
  7. │     │ ├─base::tryCatch(...)
  8. │     │ │ └─base (local) tryCatchList(expr, classes, parentenv, handlers)
  9. │     │ │   └─base (local) tryCatchOne(expr, names, parentenv, handlers[[1L]])
 10. │     │ │     └─base (local) doTryCatch(return(expr), name, parentenv, handler)
 11. │     │ └─base::withCallingHandlers(...)
 12. │     └─ggplot2 (local) f(l = layers[[i]], d = data[[i]])
 13. │       └─l$compute_aesthetics(d, plot)
 14. │         └─ggplot2 (local) compute_aesthetics(..., self = self)
 15. │           └─ggplot2:::eval_aesthetics(aesthetics, data)
 16. │             └─base::lapply(aesthetics, eval_tidy, data = data, env = env)
 17. │               └─rlang (local) FUN(X[[i]], ...)
 18. └─base::.handleSimpleError(`<fn>`, "object 'NLGF' not found", base::quote(NULL))
 19.   └─rlang (local) h(simpleError(msg, call))
 20.     └─handlers[[1L]](cnd)
 21.       └─cli::cli_abort(...)
 22.         └─rlang::abort(...)
[39m[31m
Quitting from glmmTMB_DE_chr21_removed.qmd:104-149 [unnamed-chunk-5]
[39m[31mExecution halted
[39m