[31m

processing file: glmmTMB_DE_chr21_removed.qmd
[39m1/27                   
2/27 [unnamed-chunk-1] 
3/27                   
4/27 [unnamed-chunk-2] 
5/27                   
6/27 [unnamed-chunk-3] 
7/27                   
8/27 [unnamed-chunk-4] 
9/27                   
10/27 [unnamed-chunk-5] 
11/27                   
12/27 [unnamed-chunk-6] 
13/27                   
14/27 [unnamed-chunk-7] 
15/27                   
16/27 [unnamed-chunk-8] 
17/27                   
18/27 [unnamed-chunk-9] 
19/27                   
20/27 [unnamed-chunk-10]
21/27                   
22/27 [unnamed-chunk-11]
23/27                   
24/27 [unnamed-chunk-12]
25/27                   
26/27 [unnamed-chunk-13]
27/27                   
[31moutput file: glmmTMB_DE_chr21_removed.knit.md

[39m[1mpandoc [22m
  to: html
  output-file: glmmTMB_DE_chr21_removed.html
  standalone: true
  title-prefix: Trisomy scRNA-seq
  section-divs: true
  html-math-method: mathjax
  wrap: none
  default-image-extension: png
  toc: true
  
[1mmetadata[22m
  document-css: false
  link-citations: true
  date-format: long
  lang: en
  theme: cosmo
  code-copy: true
  title: 'glmmTMB DE (volcanos, chr21 removed)'
  
Output created: ../docs/notebooks/glmmTMB_DE_chr21_removed.html

